<?xml version="1.0" encoding="UTF-8"?>
<!-- Generated by org.testng.reporters.JUnitReportReporter -->
<testsuite hostname="DESKTOP-ULR0IHN" failures="0" tests="1" name="testngpack.Testclass" time="4.367" errors="0" timestamp="27 Aug 2021 13:46:57 GMT">
  <testcase classname="testngpack.Testclass" name="verifyhomepagetitle" time="4.367"/>
</testsuite> <!-- testngpack.Testclass -->
